2025-06-08 02:11:41,976 INFO: [31m[1mWARNING: This is a development server. Do not use it in a production deployment. Use a production WSGI server instead.[0m
 * Running on all addresses (0.0.0.0)
 * Running on http://127.0.0.1:5000
 * Running on http://192.168.1.2:5000
2025-06-08 02:11:41,976 INFO: [33mPress CTRL+C to quit[0m
2025-06-08 02:12:27,203 INFO: 127.0.0.1 - - [08/Jun/2025 02:12:27] "GET / HTTP/1.1" 200 -
2025-06-08 02:12:59,668 INFO: 127.0.0.1 - - [08/Jun/2025 02:12:59] "GET /admin HTTP/1.1" 200 -
2025-06-08 02:13:01,389 INFO: 127.0.0.1 - - [08/Jun/2025 02:13:01] "GET /admin/users HTTP/1.1" 200 -
2025-06-08 02:13:02,329 INFO: 127.0.0.1 - - [08/Jun/2025 02:13:02] "GET /admin/create_user HTTP/1.1" 200 -
2025-06-08 02:13:04,604 INFO: 127.0.0.1 - - [08/Jun/2025 02:13:04] "GET / HTTP/1.1" 200 -
2025-06-08 02:13:10,305 INFO: 127.0.0.1 - - [08/Jun/2025 02:13:10] "GET /change_password HTTP/1.1" 200 -
2025-06-08 02:13:16,090 INFO: 127.0.0.1 - - [08/Jun/2025 02:13:16] "GET / HTTP/1.1" 200 -
2025-06-08 02:16:05,088 INFO: [31m[1mWARNING: This is a development server. Do not use it in a production deployment. Use a production WSGI server instead.[0m
 * Running on all addresses (0.0.0.0)
 * Running on http://127.0.0.1:5000
 * Running on http://192.168.1.2:5000
2025-06-08 02:16:05,088 INFO: [33mPress CTRL+C to quit[0m
2025-06-08 02:16:20,807 INFO: 127.0.0.1 - - [08/Jun/2025 02:16:20] "GET / HTTP/1.1" 200 -
2025-06-08 02:19:57,854 INFO: [31m[1mWARNING: This is a development server. Do not use it in a production deployment. Use a production WSGI server instead.[0m
 * Running on all addresses (0.0.0.0)
 * Running on http://127.0.0.1:5000
 * Running on http://192.168.1.2:5000
2025-06-08 02:19:57,870 INFO: [33mPress CTRL+C to quit[0m
2025-06-08 02:20:03,986 INFO: 127.0.0.1 - - [08/Jun/2025 02:20:03] "GET / HTTP/1.1" 200 -
2025-06-08 02:20:13,072 INFO: 127.0.0.1 - - [08/Jun/2025 02:20:13] "GET / HTTP/1.1" 200 -
2025-06-08 02:20:14,282 INFO: 127.0.0.1 - - [08/Jun/2025 02:20:14] "GET /admin HTTP/1.1" 200 -
2025-06-08 02:20:15,850 INFO: 127.0.0.1 - - [08/Jun/2025 02:20:15] "GET / HTTP/1.1" 200 -
2025-06-08 02:20:23,426 INFO: [31m[1mWARNING: This is a development server. Do not use it in a production deployment. Use a production WSGI server instead.[0m
 * Running on all addresses (0.0.0.0)
 * Running on http://127.0.0.1:5000
 * Running on http://192.168.1.2:5000
2025-06-08 02:20:23,427 INFO: [33mPress CTRL+C to quit[0m
2025-06-08 02:28:30,779 INFO: [31m[1mWARNING: This is a development server. Do not use it in a production deployment. Use a production WSGI server instead.[0m
 * Running on all addresses (0.0.0.0)
 * Running on http://127.0.0.1:5000
 * Running on http://192.168.1.2:5000
2025-06-08 02:28:30,780 INFO: [33mPress CTRL+C to quit[0m
2025-06-08 02:28:35,982 INFO: 127.0.0.1 - - [08/Jun/2025 02:28:35] "GET / HTTP/1.1" 200 -
2025-06-08 02:28:47,865 INFO: 127.0.0.1 - - [08/Jun/2025 02:28:47] "GET / HTTP/1.1" 200 -
2025-06-08 02:30:45,141 INFO: [31m[1mWARNING: This is a development server. Do not use it in a production deployment. Use a production WSGI server instead.[0m
 * Running on all addresses (0.0.0.0)
 * Running on http://127.0.0.1:5000
 * Running on http://192.168.1.2:5000
2025-06-08 02:30:45,141 INFO: [33mPress CTRL+C to quit[0m
2025-06-08 02:30:50,617 INFO: 127.0.0.1 - - [08/Jun/2025 02:30:50] "GET / HTTP/1.1" 200 -
2025-06-08 02:32:07,078 INFO: [31m[1mWARNING: This is a development server. Do not use it in a production deployment. Use a production WSGI server instead.[0m
 * Running on all addresses (0.0.0.0)
 * Running on http://127.0.0.1:5000
 * Running on http://192.168.1.2:5000
2025-06-08 02:32:07,078 INFO: [33mPress CTRL+C to quit[0m
2025-06-08 02:32:12,803 INFO: 127.0.0.1 - - [08/Jun/2025 02:32:12] "GET / HTTP/1.1" 200 -
2025-06-08 02:35:34,548 INFO: [31m[1mWARNING: This is a development server. Do not use it in a production deployment. Use a production WSGI server instead.[0m
 * Running on all addresses (0.0.0.0)
 * Running on http://127.0.0.1:5000
 * Running on http://192.168.1.2:5000
2025-06-08 02:35:34,548 INFO: [33mPress CTRL+C to quit[0m
2025-06-08 02:35:39,524 INFO: 127.0.0.1 - - [08/Jun/2025 02:35:39] "GET / HTTP/1.1" 200 -
2025-06-08 02:36:34,493 INFO: [31m[1mWARNING: This is a development server. Do not use it in a production deployment. Use a production WSGI server instead.[0m
 * Running on all addresses (0.0.0.0)
 * Running on http://127.0.0.1:5000
 * Running on http://192.168.1.2:5000
2025-06-08 02:36:34,493 INFO: [33mPress CTRL+C to quit[0m
2025-06-08 02:36:38,739 INFO: 127.0.0.1 - - [08/Jun/2025 02:36:38] "GET / HTTP/1.1" 200 -
2025-06-08 02:36:45,555 INFO: 127.0.0.1 - - [08/Jun/2025 02:36:45] "[31m[1mPOST / HTTP/1.1[0m" 405 -
2025-06-08 02:36:52,878 INFO: 127.0.0.1 - - [08/Jun/2025 02:36:52] "[31m[1mPOST / HTTP/1.1[0m" 405 -
2025-06-08 02:36:56,455 INFO: 127.0.0.1 - - [08/Jun/2025 02:36:56] "GET / HTTP/1.1" 200 -
2025-06-08 02:36:57,890 INFO: 127.0.0.1 - - [08/Jun/2025 02:36:57] "GET / HTTP/1.1" 200 -
2025-06-08 02:37:00,109 INFO: 127.0.0.1 - - [08/Jun/2025 02:37:00] "[32mGET /auth/logout HTTP/1.1[0m" 302 -
2025-06-08 02:37:00,557 INFO: 127.0.0.1 - - [08/Jun/2025 02:37:00] "GET / HTTP/1.1" 200 -
2025-06-08 02:37:01,565 INFO: 127.0.0.1 - - [08/Jun/2025 02:37:01] "GET /auth/login HTTP/1.1" 200 -
2025-06-08 02:37:07,348 INFO: 127.0.0.1 - - [08/Jun/2025 02:37:07] "[32mPOST /auth/login HTTP/1.1[0m" 302 -
2025-06-08 02:37:07,945 INFO: 127.0.0.1 - - [08/Jun/2025 02:37:07] "GET / HTTP/1.1" 200 -
2025-06-08 02:37:10,786 INFO: 127.0.0.1 - - [08/Jun/2025 02:37:10] "GET / HTTP/1.1" 200 -
2025-06-08 02:37:36,079 INFO: 127.0.0.1 - - [08/Jun/2025 02:37:36] "GET / HTTP/1.1" 200 -
2025-06-08 02:37:38,607 INFO: [31m[1mWARNING: This is a development server. Do not use it in a production deployment. Use a production WSGI server instead.[0m
 * Running on all addresses (0.0.0.0)
 * Running on http://127.0.0.1:5000
 * Running on http://192.168.1.2:5000
2025-06-08 02:37:38,607 INFO: [33mPress CTRL+C to quit[0m
2025-06-08 02:37:42,132 INFO: 127.0.0.1 - - [08/Jun/2025 02:37:42] "GET / HTTP/1.1" 200 -
2025-06-08 02:37:44,259 INFO: 127.0.0.1 - - [08/Jun/2025 02:37:44] "GET / HTTP/1.1" 200 -
2025-06-08 02:39:09,371 INFO: [31m[1mWARNING: This is a development server. Do not use it in a production deployment. Use a production WSGI server instead.[0m
 * Running on all addresses (0.0.0.0)
 * Running on http://127.0.0.1:5000
 * Running on http://192.168.1.2:5000
2025-06-08 02:39:09,371 INFO: [33mPress CTRL+C to quit[0m
2025-06-08 02:39:14,468 INFO: 127.0.0.1 - - [08/Jun/2025 02:39:14] "GET / HTTP/1.1" 200 -
2025-06-08 02:39:38,250 INFO: 127.0.0.1 - - [08/Jun/2025 02:39:38] "[33mGET /.well-known/appspecific/com.chrome.devtools.json HTTP/1.1[0m" 404 -
2025-06-08 02:41:04,828 INFO: [31m[1mWARNING: This is a development server. Do not use it in a production deployment. Use a production WSGI server instead.[0m
 * Running on all addresses (0.0.0.0)
 * Running on http://127.0.0.1:5000
 * Running on http://192.168.1.2:5000
2025-06-08 02:41:04,829 INFO: [33mPress CTRL+C to quit[0m
2025-06-08 02:41:09,063 INFO: 127.0.0.1 - - [08/Jun/2025 02:41:09] "GET / HTTP/1.1" 200 -
2025-06-08 02:41:23,982 INFO: [31m[1mWARNING: This is a development server. Do not use it in a production deployment. Use a production WSGI server instead.[0m
 * Running on all addresses (0.0.0.0)
 * Running on http://127.0.0.1:5000
 * Running on http://192.168.1.2:5000
2025-06-08 02:41:23,983 INFO: [33mPress CTRL+C to quit[0m
2025-06-08 02:41:28,423 INFO: 127.0.0.1 - - [08/Jun/2025 02:41:28] "GET / HTTP/1.1" 200 -
2025-06-08 02:41:45,993 INFO: [31m[1mWARNING: This is a development server. Do not use it in a production deployment. Use a production WSGI server instead.[0m
 * Running on all addresses (0.0.0.0)
 * Running on http://127.0.0.1:5000
 * Running on http://192.168.1.2:5000
2025-06-08 02:41:45,993 INFO: [33mPress CTRL+C to quit[0m
2025-06-08 02:41:50,430 INFO: 127.0.0.1 - - [08/Jun/2025 02:41:50] "GET / HTTP/1.1" 200 -
2025-06-08 02:42:16,523 INFO: [31m[1mWARNING: This is a development server. Do not use it in a production deployment. Use a production WSGI server instead.[0m
 * Running on all addresses (0.0.0.0)
 * Running on http://127.0.0.1:5000
 * Running on http://192.168.1.2:5000
2025-06-08 02:42:16,524 INFO: [33mPress CTRL+C to quit[0m
2025-06-08 02:42:20,921 INFO: 127.0.0.1 - - [08/Jun/2025 02:42:20] "GET / HTTP/1.1" 200 -
2025-06-08 02:42:22,486 INFO: 127.0.0.1 - - [08/Jun/2025 02:42:22] "GET /admin HTTP/1.1" 200 -
2025-06-08 02:42:24,361 INFO: 127.0.0.1 - - [08/Jun/2025 02:42:24] "GET /admin/users HTTP/1.1" 200 -
2025-06-08 02:42:25,531 INFO: 127.0.0.1 - - [08/Jun/2025 02:42:25] "GET /admin/create_user HTTP/1.1" 200 -
2025-06-08 02:42:36,265 INFO: [31m[1mWARNING: This is a development server. Do not use it in a production deployment. Use a production WSGI server instead.[0m
 * Running on all addresses (0.0.0.0)
 * Running on http://127.0.0.1:5000
 * Running on http://192.168.1.2:5000
2025-06-08 02:42:36,267 INFO: [33mPress CTRL+C to quit[0m
2025-06-08 02:42:40,131 INFO: 127.0.0.1 - - [08/Jun/2025 02:42:40] "GET / HTTP/1.1" 200 -
2025-06-08 11:09:14,570 INFO: [31m[1mWARNING: This is a development server. Do not use it in a production deployment. Use a production WSGI server instead.[0m
 * Running on all addresses (0.0.0.0)
 * Running on http://127.0.0.1:5000
 * Running on http://192.168.1.2:5000
2025-06-08 11:09:14,570 INFO: [33mPress CTRL+C to quit[0m
2025-06-08 11:09:21,894 INFO: 127.0.0.1 - - [08/Jun/2025 11:09:21] "GET / HTTP/1.1" 200 -
2025-06-08 11:09:22,017 INFO: 127.0.0.1 - - [08/Jun/2025 11:09:22] "GET / HTTP/1.1" 200 -
2025-06-08 11:09:22,350 INFO: 127.0.0.1 - - [08/Jun/2025 11:09:22] "[33mGET /favicon.ico HTTP/1.1[0m" 404 -
2025-06-08 11:09:25,833 INFO: 127.0.0.1 - - [08/Jun/2025 11:09:25] "GET /auth/login HTTP/1.1" 200 -
2025-06-08 11:09:32,882 INFO: 127.0.0.1 - - [08/Jun/2025 11:09:32] "[32mPOST /auth/login HTTP/1.1[0m" 302 -
2025-06-08 11:09:33,524 INFO: 127.0.0.1 - - [08/Jun/2025 11:09:33] "GET / HTTP/1.1" 200 -
2025-06-08 11:09:38,983 INFO: 127.0.0.1 - - [08/Jun/2025 11:09:38] "GET /admin HTTP/1.1" 200 -
2025-06-08 11:09:41,108 INFO: 127.0.0.1 - - [08/Jun/2025 11:09:41] "GET / HTTP/1.1" 200 -
2025-06-08 11:14:39,538 INFO: [31m[1mWARNING: This is a development server. Do not use it in a production deployment. Use a production WSGI server instead.[0m
 * Running on all addresses (0.0.0.0)
 * Running on http://127.0.0.1:5000
 * Running on http://192.168.1.2:5000
2025-06-08 11:14:39,538 INFO: [33mPress CTRL+C to quit[0m
2025-06-08 11:14:45,075 INFO: 127.0.0.1 - - [08/Jun/2025 11:14:45] "GET /admin HTTP/1.1" 200 -
2025-06-08 11:14:47,406 INFO: 127.0.0.1 - - [08/Jun/2025 11:14:47] "GET /admin/users HTTP/1.1" 200 -
2025-06-08 11:14:50,212 INFO: 127.0.0.1 - - [08/Jun/2025 11:14:50] "GET / HTTP/1.1" 200 -
2025-06-08 11:14:56,701 INFO: 127.0.0.1 - - [08/Jun/2025 11:14:56] "GET /admin/users HTTP/1.1" 200 -
2025-06-08 11:15:02,932 INFO: 127.0.0.1 - - [08/Jun/2025 11:15:02] "GET /admin HTTP/1.1" 200 -
2025-06-08 11:15:09,208 INFO: 127.0.0.1 - - [08/Jun/2025 11:15:09] "GET /admin/users HTTP/1.1" 200 -
2025-06-08 11:16:13,279 INFO: 127.0.0.1 - - [08/Jun/2025 11:16:13] "GET /admin/users HTTP/1.1" 200 -
2025-06-08 11:16:17,414 INFO: 127.0.0.1 - - [08/Jun/2025 11:16:17] "GET /admin/edit_user/5 HTTP/1.1" 200 -
2025-06-08 11:16:19,757 INFO: 127.0.0.1 - - [08/Jun/2025 11:16:19] "GET /admin/users HTTP/1.1" 200 -
2025-06-08 11:19:40,603 INFO: [31m[1mWARNING: This is a development server. Do not use it in a production deployment. Use a production WSGI server instead.[0m
 * Running on all addresses (0.0.0.0)
 * Running on http://127.0.0.1:5000
 * Running on http://192.168.1.2:5000
2025-06-08 11:19:40,603 INFO: [33mPress CTRL+C to quit[0m
2025-06-08 11:26:45,431 INFO: 127.0.0.1 - - [08/Jun/2025 11:26:45] "GET /admin/users HTTP/1.1" 200 -
2025-06-08 11:26:47,858 INFO: 127.0.0.1 - - [08/Jun/2025 11:26:47] "GET /admin/users HTTP/1.1" 200 -
2025-06-08 11:26:55,242 INFO: 127.0.0.1 - - [08/Jun/2025 11:26:55] "[32mPOST /admin/delete_user/5 HTTP/1.1[0m" 302 -
2025-06-08 11:26:55,857 INFO: 127.0.0.1 - - [08/Jun/2025 11:26:55] "GET /admin/users HTTP/1.1" 200 -
2025-06-08 11:26:58,542 INFO: 127.0.0.1 - - [08/Jun/2025 11:26:58] "GET / HTTP/1.1" 200 -
2025-06-08 11:38:29,110 INFO: [31m[1mWARNING: This is a development server. Do not use it in a production deployment. Use a production WSGI server instead.[0m
 * Running on all addresses (0.0.0.0)
 * Running on http://127.0.0.1:5000
 * Running on http://192.168.1.2:5000
2025-06-08 11:38:29,110 INFO: [33mPress CTRL+C to quit[0m
2025-06-08 11:38:35,002 INFO: 127.0.0.1 - - [08/Jun/2025 11:38:35] "GET / HTTP/1.1" 200 -
2025-06-08 11:38:47,503 INFO: 127.0.0.1 - - [08/Jun/2025 11:38:47] "GET /admin HTTP/1.1" 200 -
2025-06-08 11:38:49,495 INFO: 127.0.0.1 - - [08/Jun/2025 11:38:49] "GET /admin/users HTTP/1.1" 200 -
2025-06-08 11:38:51,986 INFO: 127.0.0.1 - - [08/Jun/2025 11:38:51] "GET / HTTP/1.1" 200 -
2025-06-08 11:39:54,596 INFO: [31m[1mWARNING: This is a development server. Do not use it in a production deployment. Use a production WSGI server instead.[0m
 * Running on all addresses (0.0.0.0)
 * Running on http://127.0.0.1:5000
 * Running on http://192.168.1.2:5000
2025-06-08 11:39:54,596 INFO: [33mPress CTRL+C to quit[0m
2025-06-08 11:40:02,316 INFO: 127.0.0.1 - - [08/Jun/2025 11:40:02] "GET / HTTP/1.1" 200 -
2025-06-08 12:05:55,021 ERROR: Exception on /.well-known/appspecific/com.chrome.devtools.json [GET]
Traceback (most recent call last):
  File "C:\Users\Kunzeu\Desktop\Gold Making\venv\Lib\site-packages\flask\app.py", line 917, in full_dispatch_request
    rv = self.dispatch_request()
         ^^^^^^^^^^^^^^^^^^^^^^^
  File "C:\Users\Kunzeu\Desktop\Gold Making\venv\Lib\site-packages\flask\app.py", line 891, in dispatch_request
    self.raise_routing_exception(req)
  File "C:\Users\Kunzeu\Desktop\Gold Making\venv\Lib\site-packages\flask\app.py", line 500, in raise_routing_exception
    raise request.routing_exception  # type: ignore[misc]
    ^^^^^^^^^^^^^^^^^^^^^^^^^^^^^^^
  File "C:\Users\Kunzeu\Desktop\Gold Making\venv\Lib\site-packages\flask\ctx.py", line 362, in match_request
    result = self.url_adapter.match(return_rule=True)  # type: ignore
             ^^^^^^^^^^^^^^^^^^^^^^^^^^^^^^^^^^^^^^^^
  File "C:\Users\Kunzeu\Desktop\Gold Making\venv\Lib\site-packages\werkzeug\routing\map.py", line 629, in match
    raise NotFound() from None
werkzeug.exceptions.NotFound: 404 Not Found: The requested URL was not found on the server. If you entered the URL manually please check your spelling and try again.

During handling of the above exception, another exception occurred:

Traceback (most recent call last):
  File "C:\Users\Kunzeu\Desktop\Gold Making\venv\Lib\site-packages\sqlalchemy\engine\base.py", line 1963, in _exec_single_context
    self.dialect.do_execute(
  File "C:\Users\Kunzeu\Desktop\Gold Making\venv\Lib\site-packages\sqlalchemy\engine\default.py", line 943, in do_execute
    cursor.execute(statement, parameters)
  File "C:\Users\Kunzeu\Desktop\Gold Making\venv\Lib\site-packages\pymysql\cursors.py", line 153, in execute
    result = self._query(query)
             ^^^^^^^^^^^^^^^^^^
  File "C:\Users\Kunzeu\Desktop\Gold Making\venv\Lib\site-packages\pymysql\cursors.py", line 322, in _query
    conn.query(q)
  File "C:\Users\Kunzeu\Desktop\Gold Making\venv\Lib\site-packages\pymysql\connections.py", line 563, in query
    self._affected_rows = self._read_query_result(unbuffered=unbuffered)
                          ^^^^^^^^^^^^^^^^^^^^^^^^^^^^^^^^^^^^^^^^^^^^^^
  File "C:\Users\Kunzeu\Desktop\Gold Making\venv\Lib\site-packages\pymysql\connections.py", line 825, in _read_query_result
    result.read()
  File "C:\Users\Kunzeu\Desktop\Gold Making\venv\Lib\site-packages\pymysql\connections.py", line 1199, in read
    first_packet = self.connection._read_packet()
                   ^^^^^^^^^^^^^^^^^^^^^^^^^^^^^^
  File "C:\Users\Kunzeu\Desktop\Gold Making\venv\Lib\site-packages\pymysql\connections.py", line 744, in _read_packet
    packet_header = self._read_bytes(4)
                    ^^^^^^^^^^^^^^^^^^^
  File "C:\Users\Kunzeu\Desktop\Gold Making\venv\Lib\site-packages\pymysql\connections.py", line 798, in _read_bytes
    raise err.OperationalError(
pymysql.err.OperationalError: (2013, 'Lost connection to MySQL server during query')

The above exception was the direct cause of the following exception:

Traceback (most recent call last):
  File "C:\Users\Kunzeu\Desktop\Gold Making\venv\Lib\site-packages\flask\app.py", line 1511, in wsgi_app
    response = self.full_dispatch_request()
               ^^^^^^^^^^^^^^^^^^^^^^^^^^^^
  File "C:\Users\Kunzeu\Desktop\Gold Making\venv\Lib\site-packages\flask\app.py", line 919, in full_dispatch_request
    rv = self.handle_user_exception(e)
         ^^^^^^^^^^^^^^^^^^^^^^^^^^^^^
  File "C:\Users\Kunzeu\Desktop\Gold Making\venv\Lib\site-packages\flask\app.py", line 802, in handle_user_exception
    return self.handle_http_exception(e)
           ^^^^^^^^^^^^^^^^^^^^^^^^^^^^^
  File "C:\Users\Kunzeu\Desktop\Gold Making\venv\Lib\site-packages\flask\app.py", line 777, in handle_http_exception
    return self.ensure_sync(handler)(e)  # type: ignore[no-any-return]
           ^^^^^^^^^^^^^^^^^^^^^^^^^^^^
  File "C:\Users\Kunzeu\Desktop\Gold Making\app\routes.py", line 414, in not_found
    return render_template('404.html'), 404
           ^^^^^^^^^^^^^^^^^^^^^^^^^^^
  File "C:\Users\Kunzeu\Desktop\Gold Making\venv\Lib\site-packages\flask\templating.py", line 150, in render_template
    return _render(app, template, context)
           ^^^^^^^^^^^^^^^^^^^^^^^^^^^^^^^
  File "C:\Users\Kunzeu\Desktop\Gold Making\venv\Lib\site-packages\flask\templating.py", line 127, in _render
    app.update_template_context(context)
  File "C:\Users\Kunzeu\Desktop\Gold Making\venv\Lib\site-packages\flask\app.py", line 530, in update_template_context
    context.update(self.ensure_sync(func)())
                   ^^^^^^^^^^^^^^^^^^^^^^^^
  File "C:\Users\Kunzeu\Desktop\Gold Making\venv\Lib\site-packages\flask_login\utils.py", line 405, in _user_context_processor
    return dict(current_user=_get_user())
                             ^^^^^^^^^^^
  File "C:\Users\Kunzeu\Desktop\Gold Making\venv\Lib\site-packages\flask_login\utils.py", line 370, in _get_user
    current_app.login_manager._load_user()
  File "C:\Users\Kunzeu\Desktop\Gold Making\venv\Lib\site-packages\flask_login\login_manager.py", line 364, in _load_user
    user = self._user_callback(user_id)
           ^^^^^^^^^^^^^^^^^^^^^^^^^^^^
  File "C:\Users\Kunzeu\Desktop\Gold Making\app\__init__.py", line 54, in load_user
    return User.query.get(int(user_id))
           ^^^^^^^^^^^^^^^^^^^^^^^^^^^^
  File "<string>", line 2, in get
  File "C:\Users\Kunzeu\Desktop\Gold Making\venv\Lib\site-packages\sqlalchemy\util\deprecations.py", line 386, in warned
    return fn(*args, **kwargs)  # type: ignore[no-any-return]
           ^^^^^^^^^^^^^^^^^^^
  File "C:\Users\Kunzeu\Desktop\Gold Making\venv\Lib\site-packages\sqlalchemy\orm\query.py", line 1126, in get
    return self._get_impl(ident, loading.load_on_pk_identity)
           ^^^^^^^^^^^^^^^^^^^^^^^^^^^^^^^^^^^^^^^^^^^^^^^^^^
  File "C:\Users\Kunzeu\Desktop\Gold Making\venv\Lib\site-packages\sqlalchemy\orm\query.py", line 1135, in _get_impl
    return self.session._get_impl(
           ^^^^^^^^^^^^^^^^^^^^^^^
  File "C:\Users\Kunzeu\Desktop\Gold Making\venv\Lib\site-packages\sqlalchemy\orm\session.py", line 3873, in _get_impl
    return db_load_fn(
           ^^^^^^^^^^^
  File "C:\Users\Kunzeu\Desktop\Gold Making\venv\Lib\site-packages\sqlalchemy\orm\loading.py", line 694, in load_on_pk_identity
    session.execute(
  File "C:\Users\Kunzeu\Desktop\Gold Making\venv\Lib\site-packages\sqlalchemy\orm\session.py", line 2365, in execute
    return self._execute_internal(
           ^^^^^^^^^^^^^^^^^^^^^^^
  File "C:\Users\Kunzeu\Desktop\Gold Making\venv\Lib\site-packages\sqlalchemy\orm\session.py", line 2251, in _execute_internal
    result: Result[Any] = compile_state_cls.orm_execute_statement(
                          ^^^^^^^^^^^^^^^^^^^^^^^^^^^^^^^^^^^^^^^^
  File "C:\Users\Kunzeu\Desktop\Gold Making\venv\Lib\site-packages\sqlalchemy\orm\context.py", line 306, in orm_execute_statement
    result = conn.execute(
             ^^^^^^^^^^^^^
  File "C:\Users\Kunzeu\Desktop\Gold Making\venv\Lib\site-packages\sqlalchemy\engine\base.py", line 1415, in execute
    return meth(
           ^^^^^
  File "C:\Users\Kunzeu\Desktop\Gold Making\venv\Lib\site-packages\sqlalchemy\sql\elements.py", line 523, in _execute_on_connection
    return connection._execute_clauseelement(
           ^^^^^^^^^^^^^^^^^^^^^^^^^^^^^^^^^^
  File "C:\Users\Kunzeu\Desktop\Gold Making\venv\Lib\site-packages\sqlalchemy\engine\base.py", line 1637, in _execute_clauseelement
    ret = self._execute_context(
          ^^^^^^^^^^^^^^^^^^^^^^
  File "C:\Users\Kunzeu\Desktop\Gold Making\venv\Lib\site-packages\sqlalchemy\engine\base.py", line 1842, in _execute_context
    return self._exec_single_context(
           ^^^^^^^^^^^^^^^^^^^^^^^^^^
  File "C:\Users\Kunzeu\Desktop\Gold Making\venv\Lib\site-packages\sqlalchemy\engine\base.py", line 1982, in _exec_single_context
    self._handle_dbapi_exception(
  File "C:\Users\Kunzeu\Desktop\Gold Making\venv\Lib\site-packages\sqlalchemy\engine\base.py", line 2351, in _handle_dbapi_exception
    raise sqlalchemy_exception.with_traceback(exc_info[2]) from e
  File "C:\Users\Kunzeu\Desktop\Gold Making\venv\Lib\site-packages\sqlalchemy\engine\base.py", line 1963, in _exec_single_context
    self.dialect.do_execute(
  File "C:\Users\Kunzeu\Desktop\Gold Making\venv\Lib\site-packages\sqlalchemy\engine\default.py", line 943, in do_execute
    cursor.execute(statement, parameters)
  File "C:\Users\Kunzeu\Desktop\Gold Making\venv\Lib\site-packages\pymysql\cursors.py", line 153, in execute
    result = self._query(query)
             ^^^^^^^^^^^^^^^^^^
  File "C:\Users\Kunzeu\Desktop\Gold Making\venv\Lib\site-packages\pymysql\cursors.py", line 322, in _query
    conn.query(q)
  File "C:\Users\Kunzeu\Desktop\Gold Making\venv\Lib\site-packages\pymysql\connections.py", line 563, in query
    self._affected_rows = self._read_query_result(unbuffered=unbuffered)
                          ^^^^^^^^^^^^^^^^^^^^^^^^^^^^^^^^^^^^^^^^^^^^^^
  File "C:\Users\Kunzeu\Desktop\Gold Making\venv\Lib\site-packages\pymysql\connections.py", line 825, in _read_query_result
    result.read()
  File "C:\Users\Kunzeu\Desktop\Gold Making\venv\Lib\site-packages\pymysql\connections.py", line 1199, in read
    first_packet = self.connection._read_packet()
                   ^^^^^^^^^^^^^^^^^^^^^^^^^^^^^^
  File "C:\Users\Kunzeu\Desktop\Gold Making\venv\Lib\site-packages\pymysql\connections.py", line 744, in _read_packet
    packet_header = self._read_bytes(4)
                    ^^^^^^^^^^^^^^^^^^^
  File "C:\Users\Kunzeu\Desktop\Gold Making\venv\Lib\site-packages\pymysql\connections.py", line 798, in _read_bytes
    raise err.OperationalError(
sqlalchemy.exc.OperationalError: (pymysql.err.OperationalError) (2013, 'Lost connection to MySQL server during query')
[SQL: SELECT user.id AS user_id, user.username AS user_username, user.password_hash AS user_password_hash, user.`role` AS user_role 
FROM user 
WHERE user.id = %(pk_1)s]
[parameters: {'pk_1': 1}]
(Background on this error at: https://sqlalche.me/e/20/e3q8)
2025-06-08 12:05:55,144 INFO: 127.0.0.1 - - [08/Jun/2025 12:05:55] "[35m[1mGET /.well-known/appspecific/com.chrome.devtools.json HTTP/1.1[0m" 500 -
2025-06-08 12:05:55,177 ERROR: Error on request:
Traceback (most recent call last):
  File "C:\Users\Kunzeu\Desktop\Gold Making\venv\Lib\site-packages\flask\app.py", line 917, in full_dispatch_request
    rv = self.dispatch_request()
         ^^^^^^^^^^^^^^^^^^^^^^^
  File "C:\Users\Kunzeu\Desktop\Gold Making\venv\Lib\site-packages\flask\app.py", line 891, in dispatch_request
    self.raise_routing_exception(req)
  File "C:\Users\Kunzeu\Desktop\Gold Making\venv\Lib\site-packages\flask\app.py", line 500, in raise_routing_exception
    raise request.routing_exception  # type: ignore[misc]
  File "C:\Users\Kunzeu\Desktop\Gold Making\venv\Lib\site-packages\flask\ctx.py", line 362, in match_request
    result = self.url_adapter.match(return_rule=True)  # type: ignore
             ^^^^^^^^^^^^^^^^^^^^^^^^^^^^^^^^^^^^^^^^^^^^^^^^^^^^^^^^
  File "C:\Users\Kunzeu\Desktop\Gold Making\venv\Lib\site-packages\werkzeug\routing\map.py", line 629, in match
    raise NotFound() from None
werkzeug.exceptions.NotFound: 404 Not Found: The requested URL was not found on the server. If you entered the URL manually please check your spelling and try again.

During handling of the above exception, another exception occurred:

Traceback (most recent call last):
  File "C:\Users\Kunzeu\Desktop\Gold Making\venv\Lib\site-packages\sqlalchemy\engine\base.py", line 1963, in _exec_single_context
    self.dialect.do_execute(
  File "C:\Users\Kunzeu\Desktop\Gold Making\venv\Lib\site-packages\sqlalchemy\engine\default.py", line 943, in do_execute
    cursor.execute(statement, parameters)
  File "C:\Users\Kunzeu\Desktop\Gold Making\venv\Lib\site-packages\pymysql\cursors.py", line 153, in execute
    result = self._query(query)
             ^^^^^^^^^^^^^^^^^^
  File "C:\Users\Kunzeu\Desktop\Gold Making\venv\Lib\site-packages\pymysql\cursors.py", line 322, in _query
    conn.query(q)
  File "C:\Users\Kunzeu\Desktop\Gold Making\venv\Lib\site-packages\pymysql\connections.py", line 563, in query
    self._affected_rows = self._read_query_result(unbuffered=unbuffered)
                          ^^^^^^^^^^^^^^^^^^^^^^^^^^^^^^^^^^^^^^^^^^^^^^
  File "C:\Users\Kunzeu\Desktop\Gold Making\venv\Lib\site-packages\pymysql\connections.py", line 825, in _read_query_result
    result.read()
  File "C:\Users\Kunzeu\Desktop\Gold Making\venv\Lib\site-packages\pymysql\connections.py", line 1199, in read
    first_packet = self.connection._read_packet()
                   ^^^^^^^^^^^^^^^^^^^^^^^^^^^^^^
  File "C:\Users\Kunzeu\Desktop\Gold Making\venv\Lib\site-packages\pymysql\connections.py", line 744, in _read_packet
    packet_header = self._read_bytes(4)
                    ^^^^^^^^^^^^^^^^^^^
  File "C:\Users\Kunzeu\Desktop\Gold Making\venv\Lib\site-packages\pymysql\connections.py", line 798, in _read_bytes
    raise err.OperationalError(
pymysql.err.OperationalError: (2013, 'Lost connection to MySQL server during query')

The above exception was the direct cause of the following exception:

Traceback (most recent call last):
  File "C:\Users\Kunzeu\Desktop\Gold Making\venv\Lib\site-packages\flask\app.py", line 1511, in wsgi_app
    response = self.full_dispatch_request()
               ^^^^^^^^^^^^^^^^^^^^^^^^^^^^
  File "C:\Users\Kunzeu\Desktop\Gold Making\venv\Lib\site-packages\flask\app.py", line 919, in full_dispatch_request
    rv = self.handle_user_exception(e)
         ^^^^^^^^^^^^^^^^^^^^^^^^^^^^^
  File "C:\Users\Kunzeu\Desktop\Gold Making\venv\Lib\site-packages\flask\app.py", line 802, in handle_user_exception
    return self.handle_http_exception(e)
           ^^^^^^^^^^^^^^^^^^^^^^^^^^^^^
  File "C:\Users\Kunzeu\Desktop\Gold Making\venv\Lib\site-packages\flask\app.py", line 777, in handle_http_exception
    return self.ensure_sync(handler)(e)  # type: ignore[no-any-return]
           ^^^^^^^^^^^^^^^^^^^^^^^^^^^^^^^^^^^^^^^^^^^^^^^^^^^^^^^^^^^
  File "C:\Users\Kunzeu\Desktop\Gold Making\app\routes.py", line 414, in not_found
    return render_template('404.html'), 404
           ^^^^^^^^^^^^^^^^^^^^^^^^^^^^^^^^
  File "C:\Users\Kunzeu\Desktop\Gold Making\venv\Lib\site-packages\flask\templating.py", line 150, in render_template
    return _render(app, template, context)
           ^^^^^^^^^^^^^^^^^^^^^^^^^^^^^^^
  File "C:\Users\Kunzeu\Desktop\Gold Making\venv\Lib\site-packages\flask\templating.py", line 127, in _render
    app.update_template_context(context)
  File "C:\Users\Kunzeu\Desktop\Gold Making\venv\Lib\site-packages\flask\app.py", line 530, in update_template_context
    context.update(self.ensure_sync(func)())
                   ^^^^^^^^^^^^^^^^^^^^^^^^^
  File "C:\Users\Kunzeu\Desktop\Gold Making\venv\Lib\site-packages\flask_login\utils.py", line 405, in _user_context_processor
    return dict(current_user=_get_user())
                             ^^^^^^^^^^^^
  File "C:\Users\Kunzeu\Desktop\Gold Making\venv\Lib\site-packages\flask_login\utils.py", line 370, in _get_user
    current_app.login_manager._load_user()
  File "C:\Users\Kunzeu\Desktop\Gold Making\venv\Lib\site-packages\flask_login\login_manager.py", line 364, in _load_user
    user = self._user_callback(user_id)
           ^^^^^^^^^^^^^^^^^^^^^^^^^^^^
  File "C:\Users\Kunzeu\Desktop\Gold Making\app\__init__.py", line 54, in load_user
    return User.query.get(int(user_id))
           ^^^^^^^^^^^^^^^^^^^^^^^^^^^^
  File "<string>", line 2, in get
  File "C:\Users\Kunzeu\Desktop\Gold Making\venv\Lib\site-packages\sqlalchemy\util\deprecations.py", line 386, in warned
    return fn(*args, **kwargs)  # type: ignore[no-any-return]
           ^^^^^^^^^^^^^^^^^^^^^^^^^^^^^^^^^^^^^^^^^^^^^^^^^^
  File "C:\Users\Kunzeu\Desktop\Gold Making\venv\Lib\site-packages\sqlalchemy\orm\query.py", line 1126, in get
    return self._get_impl(ident, loading.load_on_pk_identity)
           ^^^^^^^^^^^^^^^^^^^^^^^^^^^^^^^^^^^^^^^^^^^^^^^^^^
  File "C:\Users\Kunzeu\Desktop\Gold Making\venv\Lib\site-packages\sqlalchemy\orm\query.py", line 1135, in _get_impl
    return self.session._get_impl(
           ^^^^^^^^^^^^^^^^^^^^^^^
  File "C:\Users\Kunzeu\Desktop\Gold Making\venv\Lib\site-packages\sqlalchemy\orm\session.py", line 3873, in _get_impl
    return db_load_fn(
           ^^^^^^^^^^^
  File "C:\Users\Kunzeu\Desktop\Gold Making\venv\Lib\site-packages\sqlalchemy\orm\loading.py", line 694, in load_on_pk_identity
    session.execute(
  File "C:\Users\Kunzeu\Desktop\Gold Making\venv\Lib\site-packages\sqlalchemy\orm\session.py", line 2365, in execute
    return self._execute_internal(
           ^^^^^^^^^^^^^^^^^^^^^^^
  File "C:\Users\Kunzeu\Desktop\Gold Making\venv\Lib\site-packages\sqlalchemy\orm\session.py", line 2251, in _execute_internal
    result: Result[Any] = compile_state_cls.orm_execute_statement(
                          ^^^^^^^^^^^^^^^^^^^^^^^^^^^^^^^^^^^^^^^^
  File "C:\Users\Kunzeu\Desktop\Gold Making\venv\Lib\site-packages\sqlalchemy\orm\context.py", line 306, in orm_execute_statement
    result = conn.execute(
             ^^^^^^^^^^^^^
  File "C:\Users\Kunzeu\Desktop\Gold Making\venv\Lib\site-packages\sqlalchemy\engine\base.py", line 1415, in execute
    return meth(
           ^^^^^
  File "C:\Users\Kunzeu\Desktop\Gold Making\venv\Lib\site-packages\sqlalchemy\sql\elements.py", line 523, in _execute_on_connection
    return connection._execute_clauseelement(
           ^^^^^^^^^^^^^^^^^^^^^^^^^^^^^^^^^^
  File "C:\Users\Kunzeu\Desktop\Gold Making\venv\Lib\site-packages\sqlalchemy\engine\base.py", line 1637, in _execute_clauseelement
    ret = self._execute_context(
          ^^^^^^^^^^^^^^^^^^^^^^
  File "C:\Users\Kunzeu\Desktop\Gold Making\venv\Lib\site-packages\sqlalchemy\engine\base.py", line 1842, in _execute_context
    return self._exec_single_context(
           ^^^^^^^^^^^^^^^^^^^^^^^^^^
  File "C:\Users\Kunzeu\Desktop\Gold Making\venv\Lib\site-packages\sqlalchemy\engine\base.py", line 1982, in _exec_single_context
    self._handle_dbapi_exception(
  File "C:\Users\Kunzeu\Desktop\Gold Making\venv\Lib\site-packages\sqlalchemy\engine\base.py", line 2351, in _handle_dbapi_exception
    raise sqlalchemy_exception.with_traceback(exc_info[2]) from e
  File "C:\Users\Kunzeu\Desktop\Gold Making\venv\Lib\site-packages\sqlalchemy\engine\base.py", line 1963, in _exec_single_context
    self.dialect.do_execute(
  File "C:\Users\Kunzeu\Desktop\Gold Making\venv\Lib\site-packages\sqlalchemy\engine\default.py", line 943, in do_execute
    cursor.execute(statement, parameters)
  File "C:\Users\Kunzeu\Desktop\Gold Making\venv\Lib\site-packages\pymysql\cursors.py", line 153, in execute
    result = self._query(query)
             ^^^^^^^^^^^^^^^^^^
  File "C:\Users\Kunzeu\Desktop\Gold Making\venv\Lib\site-packages\pymysql\cursors.py", line 322, in _query
    conn.query(q)
  File "C:\Users\Kunzeu\Desktop\Gold Making\venv\Lib\site-packages\pymysql\connections.py", line 563, in query
    self._affected_rows = self._read_query_result(unbuffered=unbuffered)
                          ^^^^^^^^^^^^^^^^^^^^^^^^^^^^^^^^^^^^^^^^^^^^^^
  File "C:\Users\Kunzeu\Desktop\Gold Making\venv\Lib\site-packages\pymysql\connections.py", line 825, in _read_query_result
    result.read()
  File "C:\Users\Kunzeu\Desktop\Gold Making\venv\Lib\site-packages\pymysql\connections.py", line 1199, in read
    first_packet = self.connection._read_packet()
                   ^^^^^^^^^^^^^^^^^^^^^^^^^^^^^^
  File "C:\Users\Kunzeu\Desktop\Gold Making\venv\Lib\site-packages\pymysql\connections.py", line 744, in _read_packet
    packet_header = self._read_bytes(4)
                    ^^^^^^^^^^^^^^^^^^^
  File "C:\Users\Kunzeu\Desktop\Gold Making\venv\Lib\site-packages\pymysql\connections.py", line 798, in _read_bytes
    raise err.OperationalError(
sqlalchemy.exc.OperationalError: (pymysql.err.OperationalError) (2013, 'Lost connection to MySQL server during query')
[SQL: SELECT user.id AS user_id, user.username AS user_username, user.password_hash AS user_password_hash, user.`role` AS user_role 
FROM user 
WHERE user.id = %(pk_1)s]
[parameters: {'pk_1': 1}]
(Background on this error at: https://sqlalche.me/e/20/e3q8)

During handling of the above exception, another exception occurred:

Traceback (most recent call last):
  File "C:\Users\Kunzeu\Desktop\Gold Making\venv\Lib\site-packages\werkzeug\serving.py", line 370, in run_wsgi
    execute(self.server.app)
  File "C:\Users\Kunzeu\Desktop\Gold Making\venv\Lib\site-packages\werkzeug\serving.py", line 331, in execute
    application_iter = app(environ, start_response)
                       ^^^^^^^^^^^^^^^^^^^^^^^^^^^^
  File "C:\Users\Kunzeu\Desktop\Gold Making\venv\Lib\site-packages\flask\app.py", line 1536, in __call__
    return self.wsgi_app(environ, start_response)
           ^^^^^^^^^^^^^^^^^^^^^^^^^^^^^^^^^^^^^^
  File "C:\Users\Kunzeu\Desktop\Gold Making\venv\Lib\site-packages\flask\app.py", line 1514, in wsgi_app
    response = self.handle_exception(e)
               ^^^^^^^^^^^^^^^^^^^^^^^^
  File "C:\Users\Kunzeu\Desktop\Gold Making\venv\Lib\site-packages\flask\app.py", line 860, in handle_exception
    server_error = self.ensure_sync(handler)(server_error)
                   ^^^^^^^^^^^^^^^^^^^^^^^^^^^^^^^^^^^^^^^
  File "C:\Users\Kunzeu\Desktop\Gold Making\app\routes.py", line 418, in server_error
    return render_template('500.html'), 500
           ^^^^^^^^^^^^^^^^^^^^^^^^^^^^^^^^
  File "C:\Users\Kunzeu\Desktop\Gold Making\venv\Lib\site-packages\flask\templating.py", line 150, in render_template
    return _render(app, template, context)
           ^^^^^^^^^^^^^^^^^^^^^^^^^^^^^^^
  File "C:\Users\Kunzeu\Desktop\Gold Making\venv\Lib\site-packages\flask\templating.py", line 127, in _render
    app.update_template_context(context)
  File "C:\Users\Kunzeu\Desktop\Gold Making\venv\Lib\site-packages\flask\app.py", line 530, in update_template_context
    context.update(self.ensure_sync(func)())
                   ^^^^^^^^^^^^^^^^^^^^^^^^^
  File "C:\Users\Kunzeu\Desktop\Gold Making\venv\Lib\site-packages\flask_login\utils.py", line 405, in _user_context_processor
    return dict(current_user=_get_user())
                             ^^^^^^^^^^^^
  File "C:\Users\Kunzeu\Desktop\Gold Making\venv\Lib\site-packages\flask_login\utils.py", line 370, in _get_user
    current_app.login_manager._load_user()
  File "C:\Users\Kunzeu\Desktop\Gold Making\venv\Lib\site-packages\flask_login\login_manager.py", line 364, in _load_user
    user = self._user_callback(user_id)
           ^^^^^^^^^^^^^^^^^^^^^^^^^^^^
  File "C:\Users\Kunzeu\Desktop\Gold Making\app\__init__.py", line 54, in load_user
    return User.query.get(int(user_id))
           ^^^^^^^^^^^^^^^^^^^^^^^^^^^^
  File "<string>", line 2, in get
  File "C:\Users\Kunzeu\Desktop\Gold Making\venv\Lib\site-packages\sqlalchemy\util\deprecations.py", line 386, in warned
    return fn(*args, **kwargs)  # type: ignore[no-any-return]
           ^^^^^^^^^^^^^^^^^^^^^^^^^^^^^^^^^^^^^^^^^^^^^^^^^^
  File "C:\Users\Kunzeu\Desktop\Gold Making\venv\Lib\site-packages\sqlalchemy\orm\query.py", line 1126, in get
    return self._get_impl(ident, loading.load_on_pk_identity)
           ^^^^^^^^^^^^^^^^^^^^^^^^^^^^^^^^^^^^^^^^^^^^^^^^^^
  File "C:\Users\Kunzeu\Desktop\Gold Making\venv\Lib\site-packages\sqlalchemy\orm\query.py", line 1135, in _get_impl
    return self.session._get_impl(
           ^^^^^^^^^^^^^^^^^^^^^^^
  File "C:\Users\Kunzeu\Desktop\Gold Making\venv\Lib\site-packages\sqlalchemy\orm\session.py", line 3873, in _get_impl
    return db_load_fn(
           ^^^^^^^^^^^
  File "C:\Users\Kunzeu\Desktop\Gold Making\venv\Lib\site-packages\sqlalchemy\orm\loading.py", line 694, in load_on_pk_identity
    session.execute(
  File "C:\Users\Kunzeu\Desktop\Gold Making\venv\Lib\site-packages\sqlalchemy\orm\session.py", line 2365, in execute
    return self._execute_internal(
           ^^^^^^^^^^^^^^^^^^^^^^^
  File "C:\Users\Kunzeu\Desktop\Gold Making\venv\Lib\site-packages\sqlalchemy\orm\session.py", line 2251, in _execute_internal
    result: Result[Any] = compile_state_cls.orm_execute_statement(
                          ^^^^^^^^^^^^^^^^^^^^^^^^^^^^^^^^^^^^^^^^
  File "C:\Users\Kunzeu\Desktop\Gold Making\venv\Lib\site-packages\sqlalchemy\orm\context.py", line 306, in orm_execute_statement
    result = conn.execute(
             ^^^^^^^^^^^^^
  File "C:\Users\Kunzeu\Desktop\Gold Making\venv\Lib\site-packages\sqlalchemy\engine\base.py", line 1415, in execute
    return meth(
           ^^^^^
  File "C:\Users\Kunzeu\Desktop\Gold Making\venv\Lib\site-packages\sqlalchemy\sql\elements.py", line 523, in _execute_on_connection
    return connection._execute_clauseelement(
           ^^^^^^^^^^^^^^^^^^^^^^^^^^^^^^^^^^
  File "C:\Users\Kunzeu\Desktop\Gold Making\venv\Lib\site-packages\sqlalchemy\engine\base.py", line 1637, in _execute_clauseelement
    ret = self._execute_context(
          ^^^^^^^^^^^^^^^^^^^^^^
  File "C:\Users\Kunzeu\Desktop\Gold Making\venv\Lib\site-packages\sqlalchemy\engine\base.py", line 1809, in _execute_context
    conn = self._revalidate_connection()
           ^^^^^^^^^^^^^^^^^^^^^^^^^^^^^
  File "C:\Users\Kunzeu\Desktop\Gold Making\venv\Lib\site-packages\sqlalchemy\engine\base.py", line 675, in _revalidate_connection
    self._invalid_transaction()
  File "C:\Users\Kunzeu\Desktop\Gold Making\venv\Lib\site-packages\sqlalchemy\engine\base.py", line 665, in _invalid_transaction
    raise exc.PendingRollbackError(
sqlalchemy.exc.PendingRollbackError: Can't reconnect until invalid transaction is rolled back.  Please rollback() fully before proceeding (Background on this error at: https://sqlalche.me/e/20/8s2b)
2025-06-08 12:12:15,558 INFO: 127.0.0.1 - - [08/Jun/2025 12:12:15] "GET /admin HTTP/1.1" 200 -
2025-06-08 12:12:16,045 INFO: 127.0.0.1 - - [08/Jun/2025 12:12:16] "[33mGET /.well-known/appspecific/com.chrome.devtools.json HTTP/1.1[0m" 404 -
2025-06-08 12:17:49,210 INFO: [31m[1mWARNING: This is a development server. Do not use it in a production deployment. Use a production WSGI server instead.[0m
 * Running on all addresses (0.0.0.0)
 * Running on http://127.0.0.1:5000
 * Running on http://192.168.1.2:5000
2025-06-08 12:17:49,211 INFO: [33mPress CTRL+C to quit[0m
2025-06-08 12:17:53,561 INFO: 127.0.0.1 - - [08/Jun/2025 12:17:53] "GET /admin HTTP/1.1" 200 -
2025-06-08 12:21:31,982 INFO: [31m[1mWARNING: This is a development server. Do not use it in a production deployment. Use a production WSGI server instead.[0m
 * Running on all addresses (0.0.0.0)
 * Running on http://127.0.0.1:5000
 * Running on http://192.168.1.2:5000
2025-06-08 12:21:31,982 INFO: [33mPress CTRL+C to quit[0m
2025-06-08 12:21:41,587 INFO: 127.0.0.1 - - [08/Jun/2025 12:21:41] "GET /admin HTTP/1.1" 200 -
2025-06-08 12:21:50,588 INFO: 127.0.0.1 - - [08/Jun/2025 12:21:50] "[33mGET /.well-known/appspecific/com.chrome.devtools.json HTTP/1.1[0m" 404 -
2025-06-08 12:41:19,807 INFO: [31m[1mWARNING: This is a development server. Do not use it in a production deployment. Use a production WSGI server instead.[0m
 * Running on all addresses (0.0.0.0)
 * Running on http://127.0.0.1:5000
 * Running on http://192.168.1.2:5000
2025-06-08 12:41:19,807 INFO: [33mPress CTRL+C to quit[0m
2025-06-08 12:41:27,739 INFO: 127.0.0.1 - - [08/Jun/2025 12:41:27] "GET /admin HTTP/1.1" 200 -
2025-06-08 12:44:09,794 INFO: [31m[1mWARNING: This is a development server. Do not use it in a production deployment. Use a production WSGI server instead.[0m
 * Running on all addresses (0.0.0.0)
 * Running on http://127.0.0.1:5000
 * Running on http://192.168.1.2:5000
2025-06-08 12:44:09,794 INFO: [33mPress CTRL+C to quit[0m
2025-06-08 12:44:14,690 INFO: 127.0.0.1 - - [08/Jun/2025 12:44:14] "GET /admin HTTP/1.1" 200 -
2025-06-08 12:44:52,323 INFO: 127.0.0.1 - - [08/Jun/2025 12:44:52] "GET /admin/add HTTP/1.1" 200 -
2025-06-08 12:44:54,799 INFO: 127.0.0.1 - - [08/Jun/2025 12:44:54] "GET / HTTP/1.1" 200 -
2025-06-08 12:44:57,903 INFO: 127.0.0.1 - - [08/Jun/2025 12:44:57] "GET /admin HTTP/1.1" 200 -
2025-06-08 12:45:05,478 INFO: 127.0.0.1 - - [08/Jun/2025 12:45:05] "[32mGET /auth/logout HTTP/1.1[0m" 302 -
2025-06-08 12:45:05,921 INFO: 127.0.0.1 - - [08/Jun/2025 12:45:05] "GET / HTTP/1.1" 200 -
2025-06-08 12:45:08,702 INFO: 127.0.0.1 - - [08/Jun/2025 12:45:08] "GET /auth/login HTTP/1.1" 200 -
2025-06-08 12:45:14,166 INFO: 127.0.0.1 - - [08/Jun/2025 12:45:14] "[32mPOST /auth/login HTTP/1.1[0m" 302 -
2025-06-08 12:45:14,754 INFO: 127.0.0.1 - - [08/Jun/2025 12:45:14] "GET / HTTP/1.1" 200 -
2025-06-08 12:45:34,318 INFO: 127.0.0.1 - - [08/Jun/2025 12:45:34] "GET /admin HTTP/1.1" 200 -
2025-06-08 12:45:38,213 INFO: 127.0.0.1 - - [08/Jun/2025 12:45:38] "GET / HTTP/1.1" 200 -
2025-06-08 12:47:45,479 INFO: [31m[1mWARNING: This is a development server. Do not use it in a production deployment. Use a production WSGI server instead.[0m
 * Running on all addresses (0.0.0.0)
 * Running on http://127.0.0.1:5000
 * Running on http://192.168.1.2:5000
2025-06-08 12:47:45,479 INFO: [33mPress CTRL+C to quit[0m
2025-06-08 12:49:22,065 INFO: 127.0.0.1 - - [08/Jun/2025 12:49:22] "GET /admin HTTP/1.1" 200 -
2025-06-08 12:49:25,982 INFO: 127.0.0.1 - - [08/Jun/2025 12:49:25] "GET / HTTP/1.1" 200 -
2025-06-08 12:49:42,434 INFO: [31m[1mWARNING: This is a development server. Do not use it in a production deployment. Use a production WSGI server instead.[0m
 * Running on all addresses (0.0.0.0)
 * Running on http://127.0.0.1:5000
 * Running on http://192.168.1.2:5000
2025-06-08 12:49:42,434 INFO: [33mPress CTRL+C to quit[0m
2025-06-08 12:49:46,771 INFO: 127.0.0.1 - - [08/Jun/2025 12:49:46] "GET /admin HTTP/1.1" 200 -
2025-06-08 12:49:48,476 INFO: 127.0.0.1 - - [08/Jun/2025 12:49:48] "GET /admin/users HTTP/1.1" 200 -
2025-06-08 12:50:05,838 INFO: 127.0.0.1 - - [08/Jun/2025 12:50:05] "GET / HTTP/1.1" 200 -
2025-06-08 12:50:10,126 INFO: 127.0.0.1 - - [08/Jun/2025 12:50:10] "GET /admin/users HTTP/1.1" 200 -
2025-06-08 12:50:57,486 INFO: 127.0.0.1 - - [08/Jun/2025 12:50:57] "GET /admin/create_user HTTP/1.1" 200 -
2025-06-08 12:51:01,526 INFO: 127.0.0.1 - - [08/Jun/2025 12:51:01] "GET /admin/add HTTP/1.1" 200 -
2025-06-08 12:51:04,810 INFO: 127.0.0.1 - - [08/Jun/2025 12:51:04] "GET /admin/users HTTP/1.1" 200 -
2025-06-08 12:51:10,273 INFO: [31m[1mWARNING: This is a development server. Do not use it in a production deployment. Use a production WSGI server instead.[0m
 * Running on all addresses (0.0.0.0)
 * Running on http://127.0.0.1:5000
 * Running on http://192.168.1.2:5000
2025-06-08 12:51:10,273 INFO: [33mPress CTRL+C to quit[0m
2025-06-08 12:51:16,181 INFO: 127.0.0.1 - - [08/Jun/2025 12:51:16] "GET /admin/create_user HTTP/1.1" 200 -
2025-06-08 12:51:19,878 INFO: 127.0.0.1 - - [08/Jun/2025 12:51:19] "GET /admin/add HTTP/1.1" 200 -
2025-06-08 12:51:24,940 INFO: 127.0.0.1 - - [08/Jun/2025 12:51:24] "GET /admin/users HTTP/1.1" 200 -
2025-06-08 12:51:26,543 INFO: 127.0.0.1 - - [08/Jun/2025 12:51:26] "GET /admin/edit_user/6 HTTP/1.1" 200 -
2025-06-08 12:51:28,787 INFO: 127.0.0.1 - - [08/Jun/2025 12:51:28] "GET /admin/users HTTP/1.1" 200 -
2025-06-08 12:52:15,820 INFO: [31m[1mWARNING: This is a development server. Do not use it in a production deployment. Use a production WSGI server instead.[0m
 * Running on all addresses (0.0.0.0)
 * Running on http://127.0.0.1:5000
 * Running on http://192.168.1.2:5000
2025-06-08 12:52:15,820 INFO: [33mPress CTRL+C to quit[0m
2025-06-08 12:52:20,376 INFO: 127.0.0.1 - - [08/Jun/2025 12:52:20] "GET /admin HTTP/1.1" 200 -
2025-06-08 12:52:33,970 INFO: 127.0.0.1 - - [08/Jun/2025 12:52:33] "GET / HTTP/1.1" 200 -
2025-06-08 12:54:50,921 INFO: [31m[1mWARNING: This is a development server. Do not use it in a production deployment. Use a production WSGI server instead.[0m
 * Running on all addresses (0.0.0.0)
 * Running on http://127.0.0.1:5000
 * Running on http://192.168.1.2:5000
2025-06-08 12:54:50,922 INFO: [33mPress CTRL+C to quit[0m
2025-06-08 12:54:58,481 INFO: 127.0.0.1 - - [08/Jun/2025 12:54:58] "GET / HTTP/1.1" 200 -
2025-06-08 13:00:31,784 INFO: [31m[1mWARNING: This is a development server. Do not use it in a production deployment. Use a production WSGI server instead.[0m
 * Running on all addresses (0.0.0.0)
 * Running on http://127.0.0.1:5000
 * Running on http://192.168.1.2:5000
2025-06-08 13:00:31,785 INFO: [33mPress CTRL+C to quit[0m
2025-06-08 13:00:39,486 INFO: 127.0.0.1 - - [08/Jun/2025 13:00:39] "GET / HTTP/1.1" 200 -
2025-06-08 13:00:52,984 INFO: 127.0.0.1 - - [08/Jun/2025 13:00:52] "[33mGET /.well-known/appspecific/com.chrome.devtools.json HTTP/1.1[0m" 404 -
2025-06-08 13:01:09,407 INFO: 127.0.0.1 - - [08/Jun/2025 13:01:09] "GET /admin HTTP/1.1" 200 -
2025-06-08 13:01:13,777 INFO: 127.0.0.1 - - [08/Jun/2025 13:01:13] "GET /admin/users HTTP/1.1" 200 -
2025-06-08 13:01:17,963 INFO: 127.0.0.1 - - [08/Jun/2025 13:01:17] "GET /admin/create_user HTTP/1.1" 200 -
2025-06-08 13:05:22,442 INFO: [31m[1mWARNING: This is a development server. Do not use it in a production deployment. Use a production WSGI server instead.[0m
 * Running on all addresses (0.0.0.0)
 * Running on http://127.0.0.1:5000
 * Running on http://192.168.1.2:5000
2025-06-08 13:05:22,442 INFO: [33mPress CTRL+C to quit[0m
2025-06-08 13:05:26,918 INFO: 127.0.0.1 - - [08/Jun/2025 13:05:26] "GET /admin HTTP/1.1" 200 -
2025-06-08 13:06:19,145 INFO: [31m[1mWARNING: This is a development server. Do not use it in a production deployment. Use a production WSGI server instead.[0m
 * Running on all addresses (0.0.0.0)
 * Running on http://127.0.0.1:5000
 * Running on http://192.168.1.2:5000
2025-06-08 13:06:19,146 INFO: [33mPress CTRL+C to quit[0m
2025-06-08 13:06:24,235 INFO: 127.0.0.1 - - [08/Jun/2025 13:06:24] "GET /admin HTTP/1.1" 200 -
2025-06-08 13:06:28,074 INFO: 127.0.0.1 - - [08/Jun/2025 13:06:28] "GET / HTTP/1.1" 200 -
2025-06-08 13:06:31,259 INFO: 127.0.0.1 - - [08/Jun/2025 13:06:31] "GET /admin HTTP/1.1" 200 -
2025-06-08 13:07:04,508 INFO: 127.0.0.1 - - [08/Jun/2025 13:07:04] "GET / HTTP/1.1" 200 -
2025-06-08 13:07:08,011 INFO: 127.0.0.1 - - [08/Jun/2025 13:07:08] "GET /admin HTTP/1.1" 200 -
2025-06-08 13:07:34,138 INFO: [31m[1mWARNING: This is a development server. Do not use it in a production deployment. Use a production WSGI server instead.[0m
 * Running on all addresses (0.0.0.0)
 * Running on http://127.0.0.1:5000
 * Running on http://192.168.1.2:5000
2025-06-08 13:07:34,138 INFO: [33mPress CTRL+C to quit[0m
2025-06-08 13:07:42,339 INFO: 127.0.0.1 - - [08/Jun/2025 13:07:42] "GET /admin/users HTTP/1.1" 200 -
2025-06-08 13:07:48,153 INFO: 127.0.0.1 - - [08/Jun/2025 13:07:48] "GET /admin/edit_user/4 HTTP/1.1" 200 -
2025-06-08 13:10:18,337 INFO: [31m[1mWARNING: This is a development server. Do not use it in a production deployment. Use a production WSGI server instead.[0m
 * Running on all addresses (0.0.0.0)
 * Running on http://127.0.0.1:5000
 * Running on http://192.168.1.2:5000
2025-06-08 13:10:18,338 INFO: [33mPress CTRL+C to quit[0m
2025-06-08 13:10:23,337 INFO: 127.0.0.1 - - [08/Jun/2025 13:10:23] "GET / HTTP/1.1" 200 -
2025-06-08 13:10:26,744 INFO: 127.0.0.1 - - [08/Jun/2025 13:10:26] "GET /admin HTTP/1.1" 200 -
2025-06-08 13:10:29,025 INFO: 127.0.0.1 - - [08/Jun/2025 13:10:29] "GET /admin/create_user HTTP/1.1" 200 -
2025-06-08 13:15:39,159 INFO: [31m[1mWARNING: This is a development server. Do not use it in a production deployment. Use a production WSGI server instead.[0m
 * Running on all addresses (0.0.0.0)
 * Running on http://127.0.0.1:5000
 * Running on http://192.168.1.2:5000
2025-06-08 13:15:39,159 INFO: [33mPress CTRL+C to quit[0m
2025-06-08 13:15:46,261 INFO: 127.0.0.1 - - [08/Jun/2025 13:15:46] "GET / HTTP/1.1" 200 -
2025-06-08 13:15:49,463 INFO: 127.0.0.1 - - [08/Jun/2025 13:15:49] "GET /admin HTTP/1.1" 200 -
2025-06-08 13:15:51,520 INFO: 127.0.0.1 - - [08/Jun/2025 13:15:51] "GET /admin/create_user HTTP/1.1" 200 -
2025-06-08 13:16:08,998 INFO: 127.0.0.1 - - [08/Jun/2025 13:16:08] "GET /admin/users HTTP/1.1" 200 -
2025-06-08 13:16:13,632 INFO: 127.0.0.1 - - [08/Jun/2025 13:16:13] "GET /admin/users HTTP/1.1" 200 -
2025-06-08 13:16:17,069 INFO: 127.0.0.1 - - [08/Jun/2025 13:16:17] "GET /admin/edit_user/6 HTTP/1.1" 200 -
2025-06-08 13:16:21,450 INFO: 127.0.0.1 - - [08/Jun/2025 13:16:21] "GET /admin/add HTTP/1.1" 200 -
2025-06-08 13:16:48,616 INFO: 127.0.0.1 - - [08/Jun/2025 13:16:48] "GET /admin/users HTTP/1.1" 200 -
2025-06-08 13:17:20,281 INFO: 127.0.0.1 - - [08/Jun/2025 13:17:20] "GET /admin/edit_user/6 HTTP/1.1" 200 -
2025-06-08 13:17:22,261 INFO: 127.0.0.1 - - [08/Jun/2025 13:17:22] "GET /admin/add HTTP/1.1" 200 -
2025-06-08 13:24:32,817 INFO: [31m[1mWARNING: This is a development server. Do not use it in a production deployment. Use a production WSGI server instead.[0m
 * Running on all addresses (0.0.0.0)
 * Running on http://127.0.0.1:5000
 * Running on http://192.168.1.2:5000
2025-06-08 13:24:32,817 INFO: [33mPress CTRL+C to quit[0m
2025-06-08 13:24:38,798 INFO: 127.0.0.1 - - [08/Jun/2025 13:24:38] "GET / HTTP/1.1" 200 -
2025-06-08 13:29:06,658 INFO: 127.0.0.1 - - [08/Jun/2025 13:29:06] "GET /admin HTTP/1.1" 200 -
2025-06-08 13:29:08,154 INFO: 127.0.0.1 - - [08/Jun/2025 13:29:08] "GET /admin/users HTTP/1.1" 200 -
2025-06-08 13:34:07,390 INFO: [31m[1mWARNING: This is a development server. Do not use it in a production deployment. Use a production WSGI server instead.[0m
 * Running on all addresses (0.0.0.0)
 * Running on http://127.0.0.1:5000
 * Running on http://192.168.1.2:5000
2025-06-08 13:34:07,390 INFO: [33mPress CTRL+C to quit[0m
2025-06-08 13:34:09,937 INFO: 127.0.0.1 - - [08/Jun/2025 13:34:09] "[32mGET /auth/logout HTTP/1.1[0m" 302 -
2025-06-08 13:34:10,400 INFO: 127.0.0.1 - - [08/Jun/2025 13:34:10] "GET / HTTP/1.1" 200 -
2025-06-08 13:34:34,609 INFO: 127.0.0.1 - - [08/Jun/2025 13:34:34] "[32mGET /auth/logout HTTP/1.1[0m" 302 -
2025-06-08 13:34:34,627 INFO: 127.0.0.1 - - [08/Jun/2025 13:34:34] "GET /auth/login?next=/auth/logout HTTP/1.1" 200 -
2025-06-08 13:34:38,442 INFO: 127.0.0.1 - - [08/Jun/2025 13:34:38] "[32mPOST /auth/login?next=/auth/logout HTTP/1.1[0m" 302 -
2025-06-08 13:34:39,036 INFO: 127.0.0.1 - - [08/Jun/2025 13:34:39] "GET / HTTP/1.1" 200 -
2025-06-08 13:35:16,676 INFO: 127.0.0.1 - - [08/Jun/2025 13:35:16] "GET /admin HTTP/1.1" 200 -
2025-06-08 13:35:18,160 INFO: 127.0.0.1 - - [08/Jun/2025 13:35:18] "GET /admin/users HTTP/1.1" 200 -
2025-06-08 13:35:19,136 INFO: 127.0.0.1 - - [08/Jun/2025 13:35:19] "GET /admin/create_user HTTP/1.1" 200 -
2025-06-08 13:35:20,992 INFO: 127.0.0.1 - - [08/Jun/2025 13:35:20] "GET / HTTP/1.1" 200 -
